<?xml version="1.0" encoding="UTF-8"?>
<!-- Generated by org.testng.reporters.JUnitXMLReporter -->
<testsuite ignored="8" hostname="SweetHome" failures="0" tests="1" name="Default test" time="2.222" errors="0" timestamp="2025-05-20T20:06:45 EDT">
  <testcase classname="stringhandlingmethods.StringMethods" name="testcontains" time="2.196"/>
  <testcase classname="stringhandlingmethods.StringMethods" name="testcharAt2" time="0.0">
    <ignored/>
  </testcase> <!-- testcharAt2 -->
  <testcase classname="stringhandlingmethods.StringMethods" name="testcharAt3" time="0.0">
    <ignored/>
  </testcase> <!-- testcharAt3 -->
  <testcase classname="stringhandlingmethods.StringMethods" name="testconcat1" time="0.0">
    <ignored/>
  </testcase> <!-- testconcat1 -->
  <testcase classname="stringhandlingmethods.StringMethods" name="testcompareTo" time="0.0">
    <ignored/>
  </testcase> <!-- testcompareTo -->
  <testcase classname="stringhandlingmethods.StringMethods" name="testCharAt" time="0.0">
    <ignored/>
  </testcase> <!-- testCharAt -->
  <testcase classname="stringhandlingmethods.StringMethods" name="testCharAt1" time="0.0">
    <ignored/>
  </testcase> <!-- testCharAt1 -->
  <testcase classname="stringhandlingmethods.StringMethods" name="testconcat" time="0.0">
    <ignored/>
  </testcase> <!-- testconcat -->
  <testcase classname="stringhandlingmethods.StringMethods" name="testcompareTo1" time="0.0">
    <ignored/>
  </testcase> <!-- testcompareTo1 -->
</testsuite> <!-- Default test -->
