<?xml version="1.0" encoding="UTF-8"?>
<!-- Generated by org.testng.reporters.JUnitXMLReporter -->
<testsuite ignored="12" hostname="SweetHome" failures="0" tests="1" name="Default test" time="0.042" errors="0" timestamp="2025-05-20T21:13:09 EDT">
  <testcase classname="stringhandlingmethods.StringMethods" name="testTrim" time="0.007"/>
  <testcase classname="stringhandlingmethods.StringMethods" name="testconcat" time="0.0">
    <ignored/>
  </testcase> <!-- testconcat -->
  <testcase classname="stringhandlingmethods.StringMethods" name="testconcat1" time="0.0">
    <ignored/>
  </testcase> <!-- testconcat1 -->
  <testcase classname="stringhandlingmethods.StringMethods" name="testEndsWith" time="0.0">
    <ignored/>
  </testcase> <!-- testEndsWith -->
  <testcase classname="stringhandlingmethods.StringMethods" name="testcontains" time="0.0">
    <ignored/>
  </testcase> <!-- testcontains -->
  <testcase classname="stringhandlingmethods.StringMethods" name="testcompareTo1" time="0.0">
    <ignored/>
  </testcase> <!-- testcompareTo1 -->
  <testcase classname="stringhandlingmethods.StringMethods" name="testcharAt3" time="0.0">
    <ignored/>
  </testcase> <!-- testcharAt3 -->
  <testcase classname="stringhandlingmethods.StringMethods" name="testIsEmpty" time="0.0">
    <ignored/>
  </testcase> <!-- testIsEmpty -->
  <testcase classname="stringhandlingmethods.StringMethods" name="testcharAt2" time="0.0">
    <ignored/>
  </testcase> <!-- testcharAt2 -->
  <testcase classname="stringhandlingmethods.StringMethods" name="testcompareTo" time="0.0">
    <ignored/>
  </testcase> <!-- testcompareTo -->
  <testcase classname="stringhandlingmethods.StringMethods" name="testCharAt" time="0.0">
    <ignored/>
  </testcase> <!-- testCharAt -->
  <testcase classname="stringhandlingmethods.StringMethods" name="testIsEmpty1" time="0.0">
    <ignored/>
  </testcase> <!-- testIsEmpty1 -->
  <testcase classname="stringhandlingmethods.StringMethods" name="testCharAt1" time="0.0">
    <ignored/>
  </testcase> <!-- testCharAt1 -->
</testsuite> <!-- Default test -->
