<?xml version="1.0" encoding="UTF-8"?>
<testng-results ignored="0" total="1" passed="1" failed="0" skipped="0">
  <reporter-output>
  </reporter-output>
  <suite started-at="2025-05-18T23:20:59 EDT" name="Default suite" finished-at="2025-05-18T23:21:04 EDT" duration-ms="5485">
    <groups>
    </groups>
    <test started-at="2025-05-18T23:20:59 EDT" name="Default test" finished-at="2025-05-18T23:21:04 EDT" duration-ms="5485">
      <class name="practiceswtesting.HammerTestCase">
        <test-method signature="testHammerDetails()[pri:0, instance:practiceswtesting.HammerTestCase@3c19aaa5]" started-at="2025-05-18T23:20:59 EDT" name="testHammerDetails" finished-at="2025-05-18T23:21:04 EDT" duration-ms="5452" status="PASS">
          <reporter-output>
          </reporter-output>
        </test-method> <!-- testHammerDetails -->
      </class> <!-- practiceswtesting.HammerTestCase -->
    </test> <!-- Default test -->
  </suite> <!-- Default suite -->
</testng-results>
